# JRE version: Java(TM) SE Runtime Environment (8.0_111-b14) (build 1.8.0_111-b14)
# Java VM: Java HotSpot(TM) 64-Bit Server VM (25.111-b14 mixed mode windows-amd64 compressed oops)
Heap:
 PSYoungGen      total 38400K, used 4488K [0x00000000d5b00000, 0x00000000d8580000, 0x0000000100000000)
  eden space 33280K, 8% used [0x00000000d5b00000,0x00000000d5dd62c0,0x00000000d7b80000)
  from space 5120K, 30% used [0x00000000d7b80000,0x00000000d7d0c010,0x00000000d8080000)
  to   space 5120K, 0% used [0x00000000d8080000,0x00000000d8080000,0x00000000d8580000)
 ParOldGen       total 87552K, used 21193K [0x0000000081000000, 0x0000000086580000, 0x00000000d5b00000)
  object space 87552K, 24% used [0x0000000081000000,0x00000000824b2530,0x0000000086580000)
 Metaspace       used 9918K, capacity 10102K, committed 10368K, reserved 1058816K
  class space    used 1249K, capacity 1357K, committed 1408K, reserved 1048576K
GC Heap History (6 events):
Event: 114.844 GC heap before
{Heap before GC invocations=1 (full 0):
 PSYoungGen      total 38400K, used 33280K [0x00000000d5b00000, 0x00000000d8580000, 0x0000000100000000)
  eden space 33280K, 100% used [0x00000000d5b00000,0x00000000d7b80000,0x00000000d7b80000)
  from space 5120K, 0% used [0x00000000d8080000,0x00000000d8080000,0x00000000d8580000)
  to   space 5120K, 0% used [0x00000000d7b80000,0x00000000d7b80000,0x00000000d8080000)
 ParOldGen       total 87552K, used 0K [0x0000000081000000, 0x0000000086580000, 0x00000000d5b00000)
  object space 87552K, 0% used [0x0000000081000000,0x0000000081000000,0x0000000086580000)
 Metaspace       used 9857K, capacity 9996K, committed 10368K, reserved 1058816K
  class space    used 1244K, capacity 1322K, committed 1408K, reserved 1048576K
Event: 114.864 GC heap after
Heap after GC invocations=1 (full 0):
 PSYoungGen      total 38400K, used 1648K [0x00000000d5b00000, 0x00000000d8580000, 0x0000000100000000)
  eden space 33280K, 0% used [0x00000000d5b00000,0x00000000d5b00000,0x00000000d7b80000)
  from space 5120K, 32% used [0x00000000d7b80000,0x00000000d7d1c010,0x00000000d8080000)
  to   space 5120K, 0% used [0x00000000d8080000,0x00000000d8080000,0x00000000d8580000)
 ParOldGen       total 87552K, used 21177K [0x0000000081000000, 0x0000000086580000, 0x00000000d5b00000)
  object space 87552K, 24% used [0x0000000081000000,0x00000000824ae530,0x0000000086580000)
 Metaspace       used 9857K, capacity 9996K, committed 10368K, reserved 1058816K
  class space    used 1244K, capacity 1322K, committed 1408K, reserved 1048576K
}
Event: 117.325 GC heap before
{Heap before GC invocations=2 (full 0):
 PSYoungGen      total 38400K, used 34928K [0x00000000d5b00000, 0x00000000d8580000, 0x0000000100000000)
  eden space 33280K, 100% used [0x00000000d5b00000,0x00000000d7b80000,0x00000000d7b80000)
  from space 5120K, 32% used [0x00000000d7b80000,0x00000000d7d1c010,0x00000000d8080000)
  to   space 5120K, 0% used [0x00000000d8080000,0x00000000d8080000,0x00000000d8580000)
 ParOldGen       total 87552K, used 21177K [0x0000000081000000, 0x0000000086580000, 0x00000000d5b00000)
  object space 87552K, 24% used [0x0000000081000000,0x00000000824ae530,0x0000000086580000)
 Metaspace       used 9861K, capacity 10060K, committed 10368K, reserved 1058816K
  class space    used 1244K, capacity 1322K, committed 1408K, reserved 1048576K
Event: 117.331 GC heap after
Heap after GC invocations=2 (full 0):
 PSYoungGen      total 38400K, used 1632K [0x00000000d5b00000, 0x00000000d8580000, 0x0000000100000000)
  eden space 33280K, 0% used [0x00000000d5b00000,0x00000000d5b00000,0x00000000d7b80000)
  from space 5120K, 31% used [0x00000000d8080000,0x00000000d8218000,0x00000000d8580000)
  to   space 5120K, 0% used [0x00000000d7b80000,0x00000000d7b80000,0x00000000d8080000)
 ParOldGen       total 87552K, used 21185K [0x0000000081000000, 0x0000000086580000, 0x00000000d5b00000)
  object space 87552K, 24% used [0x0000000081000000,0x00000000824b0530,0x0000000086580000)
 Metaspace       used 9861K, capacity 10060K, committed 10368K, reserved 1058816K
  class space    used 1244K, capacity 1322K, committed 1408K, reserved 1048576K
}
Event: 123.233 GC heap before
{Heap before GC invocations=3 (full 0):
 PSYoungGen      total 38400K, used 34912K [0x00000000d5b00000, 0x00000000d8580000, 0x0000000100000000)
  eden space 33280K, 100% used [0x00000000d5b00000,0x00000000d7b80000,0x00000000d7b80000)
  from space 5120K, 31% used [0x00000000d8080000,0x00000000d8218000,0x00000000d8580000)
  to   space 5120K, 0% used [0x00000000d7b80000,0x00000000d7b80000,0x00000000d8080000)
 ParOldGen       total 87552K, used 21185K [0x0000000081000000, 0x0000000086580000, 0x00000000d5b00000)
  object space 87552K, 24% used [0x0000000081000000,0x00000000824b0530,0x0000000086580000)
 Metaspace       used 9878K, capacity 10060K, committed 10368K, reserved 1058816K
  class space    used 1244K, capacity 1322K, committed 1408K, reserved 1048576K
Event: 123.238 GC heap after
Heap after GC invocations=3 (full 0):
 PSYoungGen      total 38400K, used 1584K [0x00000000d5b00000, 0x00000000d8580000, 0x0000000100000000)
  eden space 33280K, 0% used [0x00000000d5b00000,0x00000000d5b00000,0x00000000d7b80000)
  from space 5120K, 30% used [0x00000000d7b80000,0x00000000d7d0c010,0x00000000d8080000)
  to   space 5120K, 0% used [0x00000000d8080000,0x00000000d8080000,0x00000000d8580000)
 ParOldGen       total 87552K, used 21193K [0x0000000081000000, 0x0000000086580000, 0x00000000d5b00000)
  object space 87552K, 24% used [0x0000000081000000,0x00000000824b2530,0x0000000086580000)
 Metaspace       used 9878K, capacity 10060K, committed 10368K, reserved 1058816K
  class space    used 1244K, capacity 1322K, committed 1408K, reserved 1048576K
}

